This is LuaTeX, Version 1.0.4 (TeX Live 2017/Debian)  (format=lualatex 2020.11.1)  5 NOV 2020 20:29
 restricted system commands enabled.
**bmc_article.tex
(./bmc_article.tex
LaTeX2e <2017-04-15>
Lua module: luaotfload-main 2017/01/29 2.80001 OpenType layout system.
Lua module: lualibs 2017-02-01 2.5 ConTeXt Lua standard libraries.
Lua module: lualibs-extended 2017-02-01 2.5 ConTeXt Lua libraries -- extended co
llection.(using write cache: /home/amin/.texlive2017/texmf-var/luatex-cache/gene
ric)(using read cache: /var/lib/texmf/luatex-cache/generic /home/amin/.texlive20
17/texmf-var/luatex-cache/generic)
luaotfload | conf : Root cache directory is /home/amin/.texlive2017/texmf-var/lu
atex-cache/generic/names.
luaotfload | init : Loading fontloader “fontloader-2017-02-11.lua” from kpse
-resolved path “/usr/share/texlive/texmf-dist/tex/luatex/luaotfload/fontloader
-2017-02-11.lua”.
Lua-only attribute luaotfload@state = 1
Lua-only attribute luaotfload@noligature = 2
Lua-only attribute luaotfload@syllabe = 3
luaotfload | init : Context OpenType loader version “3.027”
Inserting `luaotfload.node_processor' at position 1 in `pre_linebreak_filter'.
Inserting `luaotfload.node_processor' at position 1 in `hpack_filter'.
Inserting `luaotfload.define_font' at position 1 in `define_font'.
Lua-only attribute luaotfload_color_attribute = 4
luaotfload | conf : Root cache directory is /home/amin/.texlive2017/texmf-var/lu
atex-cache/generic/names.
Inserting `luaotfload.aux.set_sscale_dimens' at position 1 in `luaotfload.patch_
font'.
Inserting `luaotfload.aux.patch_cambria_domh' at position 2 in `luaotfload.patch
_font'.
Inserting `luaotfload.aux.fixup_fontdata' at position 1 in `luaotfload.patch_fon
t_unsafe'.
Inserting `luaotfload.aux.set_capheight' at position 3 in `luaotfload.patch_font
'.
Inserting `luaotfload.rewrite_fontname' at position 4 in `luaotfload.patch_font'
.
luaotfload | main : initialization completed in 0.086 seconds
Babel <3.18> and hyphenation patterns for 1 language(s) loaded.
(/usr/share/texlive/texmf-dist/tex/context/base/mkii/supp-mis.mkii
loading : ConTeXt Support Macros / Miscellaneous (2004.10.26)
\protectiondepth=\count79
\scratchcounter=\count80
\scratchtoks=\toks14
\scratchtoks=\toks15
\scratchtoks=\toks16
\scratchtoks=\toks17
\scratchtoks=\toks18
\scratchtoks=\toks19
\scratchtoks=\toks20
\scratchtoks=\toks21
\scratchdimen=\dimen102
\scratchskip=\skip41
\scratchmuskip=\muskip10
\scratchmuskip=\muskip11
\scratchmuskip=\muskip12
\scratchmuskip=\muskip13
\scratchmuskip=\muskip14
\scratchmuskip=\muskip15
\scratchmuskip=\muskip16
\scratchmuskip=\muskip17
\scratchmuskip=\muskip18
\scratchmuskip=\muskip19
\scratchmuskip=\muskip20
\scratchmuskip=\muskip21
\scratchbox=\box26
\scratchread=\read1
\scratchwrite=\write3
\zeropoint=\dimen103
\onepoint=\dimen104
\onebasepoint=\dimen105
\minusone=\count81
\thousandpoint=\dimen106
\onerealpoint=\dimen107
\emptytoks=\toks22
\nextbox=\box27
\nextdepth=\dimen108
\everyline=\toks23
\!!counta=\count82
\!!countb=\count83
\recursecounter=\count84
) (./bmcart.cls
Document Class: bmcart 2017/07/31BioMed Central class (VS)
(/usr/share/texlive/texmf-dist/tex/latex/base/article.cls
Document Class: article 2014/09/29 v1.4h Standard LaTeX document class
(/usr/share/texlive/texmf-dist/tex/latex/base/size10.clo
File: size10.clo 2014/09/29 v1.4h Standard LaTeX file (size option)
luaotfload | db : Font names database loaded from /home/amin/.texlive2017/texmf-
var/luatex-cache/generic/names/luaotfload-names.luc(load luc: /home/amin/.texliv
e2017/texmf-var/luatex-cache/generic/fonts/otl/lmroman10-regular.luc))
\c@part=\count85
\c@section=\count86
\c@subsection=\count87
\c@subsubsection=\count88
\c@paragraph=\count89
\c@subparagraph=\count90
\c@figure=\count91
\c@table=\count92
\abovecaptionskip=\skip42
\belowcaptionskip=\skip43
\bibindent=\dimen109
)
\mathindent=\dimen110

(/usr/share/texlive/texmf-dist/tex/latex/graphics/keyval.sty
Package: keyval 2014/10/28 v1.15 key=value parser (DPC)
\KV@toks@=\toks24
)
(/usr/share/texlive/texmf-dist/tex/latex/xcolor/xcolor.sty
Package: xcolor 2016/05/11 v2.12 LaTeX color extensions (UK)

(/usr/share/texlive/texmf-dist/tex/latex/graphics-cfg/color.cfg
File: color.cfg 2016/01/02 v1.6 sample color configuration
)
Package xcolor Info: Driver file: luatex.def on input line 225.

(/usr/share/texlive/texmf-dist/tex/latex/graphics-def/luatex.def
File: luatex.def 2018/01/08 v1.0l Graphics/color driver for luatex
)
Package xcolor Info: Model `cmy' substituted by `cmy0' on input line 1348.
Package xcolor Info: Model `hsb' substituted by `rgb' on input line 1352.
Package xcolor Info: Model `RGB' extended on input line 1364.
Package xcolor Info: Model `HTML' substituted by `rgb' on input line 1366.
Package xcolor Info: Model `Hsb' substituted by `hsb' on input line 1367.
Package xcolor Info: Model `tHsb' substituted by `hsb' on input line 1368.
Package xcolor Info: Model `HSB' substituted by `hsb' on input line 1369.
Package xcolor Info: Model `Gray' substituted by `gray' on input line 1370.
Package xcolor Info: Model `wave' substituted by `hsb' on input line 1371.
)
(/usr/share/texlive/texmf-dist/tex/latex/lastpage/lastpage.sty
Package: lastpage 2015/03/29 v1.2m Refers to last page's name (HMM; JPG)
)
\c@thanks=\count93
\bmcfloat@box=\box28
\c@author=\count94
\c@address=\count95
\sv@mathsurround=\dimen111
\fm@box=\box29
\c@addressref=\count96
\thanks@box=\box30
\abstract@box=\box31
\authors@list=\toks25
\keywords@list=\toks26
)
(/usr/share/texlive/texmf-dist/tex/latex/hyperref/hyperref.sty
Package: hyperref 2018/02/06 v6.86b Hypertext links for LaTeX

(/usr/share/texlive/texmf-dist/tex/generic/oberdiek/hobsub-hyperref.sty
Package: hobsub-hyperref 2016/05/16 v1.14 Bundle oberdiek, subset hyperref (HO)

(/usr/share/texlive/texmf-dist/tex/generic/oberdiek/hobsub-generic.sty
Package: hobsub-generic 2016/05/16 v1.14 Bundle oberdiek, subset generic (HO)
Package: hobsub 2016/05/16 v1.14 Construct package bundles (HO)
Package: infwarerr 2016/05/16 v1.4 Providing info/warning/error messages (HO)
Package: ltxcmds 2016/05/16 v1.23 LaTeX kernel commands for general use (HO)
Package: ifluatex 2016/05/16 v1.4 Provides the ifluatex switch (HO)
Package ifluatex Info: LuaTeX detected.
Package: ifvtex 2016/05/16 v1.6 Detect VTeX and its facilities (HO)
Package ifvtex Info: VTeX not detected.
Package: intcalc 2016/05/16 v1.2 Expandable calculations with integers (HO)
Package: ifpdf 2017/03/15 v3.2 Provides the ifpdf switch
Package: etexcmds 2016/05/16 v1.6 Avoid name clashes with e-TeX commands (HO)
Package: kvsetkeys 2016/05/16 v1.17 Key value parser (HO)
Package: kvdefinekeys 2016/05/16 v1.4 Define keys (HO)
Package: luatex-loader 2016/05/16 v0.6 Lua module loader (HO)

(/usr/share/texlive/texmf-dist/scripts/oberdiek/oberdiek.luatex.lua)
Package: pdftexcmds 2018/01/21 v0.26 Utility functions of pdfTeX for LuaTeX (HO)

Package pdftexcmds Info: \pdf@primitive is available.
Package pdftexcmds Info: \pdf@ifprimitive is available.
Package pdftexcmds Info: \pdfdraftmode found.
\pdftexcmds@toks=\toks27
Package: pdfescape 2016/05/16 v1.14 Implements pdfTeX's escape features (HO)
Package: bigintcalc 2016/05/16 v1.4 Expandable calculations on big integers (HO)

Package: bitset 2016/05/16 v1.2 Handle bit-vector datatype (HO)
Package: uniquecounter 2016/05/16 v1.3 Provide unlimited unique counter (HO)
)
Package hobsub Info: Skipping package `hobsub' (already loaded).
Package: letltxmacro 2016/05/16 v1.5 Let assignment for LaTeX macros (HO)
Package: hopatch 2016/05/16 v1.3 Wrapper for package hooks (HO)
Package: xcolor-patch 2016/05/16 xcolor patch
Package: atveryend 2016/05/16 v1.9 Hooks at the very end of document (HO)
Package atveryend Info: \enddocument detected (standard20110627).
Package: atbegshi 2016/06/09 v1.18 At begin shipout hook (HO)
Package: refcount 2016/05/16 v3.5 Data extraction from label references (HO)
Package: hycolor 2016/05/16 v1.8 Color options for hyperref/bookmark (HO)
)
(/usr/share/texlive/texmf-dist/tex/generic/ifxetex/ifxetex.sty
Package: ifxetex 2010/09/12 v0.6 Provides ifxetex conditional
)
(/usr/share/texlive/texmf-dist/tex/latex/oberdiek/auxhook.sty
Package: auxhook 2016/05/16 v1.4 Hooks for auxiliary files (HO)
)
(/usr/share/texlive/texmf-dist/tex/latex/oberdiek/kvoptions.sty
Package: kvoptions 2016/05/16 v3.12 Key value format for package options (HO)
)
\@linkdim=\dimen112
\Hy@linkcounter=\count97
\Hy@pagecounter=\count98

(/usr/share/texlive/texmf-dist/tex/latex/hyperref/pd1enc.def
File: pd1enc.def 2018/02/06 v6.86b Hyperref: PDFDocEncoding definition (HO)
)
\Hy@SavedSpaceFactor=\count99

(/usr/share/texlive/texmf-dist/tex/latex/latexconfig/hyperref.cfg
File: hyperref.cfg 2002/06/06 v1.2 hyperref configuration of TeXLive
)
Package hyperref Info: Option `colorlinks' set `true' on input line 4383.


Package hyperref Warning: Option `pagecolor' is not available anymore.

Package hyperref Info: Hyper figures OFF on input line 4509.
Package hyperref Info: Link nesting OFF on input line 4514.
Package hyperref Info: Hyper index ON on input line 4517.
Package hyperref Info: Plain pages OFF on input line 4524.
Package hyperref Info: Backreferencing OFF on input line 4529.
Package hyperref Info: Implicit mode ON; LaTeX internals redefined.
Package hyperref Info: Bookmarks ON on input line 4762.
\c@Hy@tempcnt=\count100
(/usr/share/texlive/texmf-dist/tex/latex/url/url.sty
\Urlmuskip=\muskip22
Package: url 2013/09/16  ver 3.4  Verb mode for urls, etc.
)
LaTeX Info: Redefining \url on input line 5115.
\XeTeXLinkMargin=\dimen113
\Fld@menulength=\count101
\Field@Width=\dimen114
\Fld@charsize=\dimen115
Package hyperref Info: Hyper figures OFF on input line 6369.
Package hyperref Info: Link nesting OFF on input line 6374.
Package hyperref Info: Hyper index ON on input line 6377.
Package hyperref Info: backreferencing OFF on input line 6384.
Package hyperref Info: Link coloring ON on input line 6387.
Package hyperref Info: Link coloring with OCG OFF on input line 6394.
Package hyperref Info: PDF/A mode OFF on input line 6399.
LaTeX Info: Redefining \ref on input line 6439.
LaTeX Info: Redefining \pageref on input line 6443.
\Hy@abspage=\count102
\c@Item=\count103
\c@Hfootnote=\count104
)
Package hyperref Info: Driver (autodetected): hluatex.

(/usr/share/texlive/texmf-dist/tex/latex/hyperref/hluatex.def
File: hluatex.def 2018/02/06 v6.86b Hyperref driver for luaTeX
\Fld@listcount=\count105
\c@bookmark@seq@number=\count106

(/usr/share/texlive/texmf-dist/tex/latex/oberdiek/rerunfilecheck.sty
Package: rerunfilecheck 2016/05/16 v1.8 Rerun checks for auxiliary files (HO)
Package uniquecounter Info: New unique counter `rerunfilecheck' on input line 28
2.
)
\Hy@SectionHShift=\skip44
)
(/usr/share/texlive/texmf-dist/tex/latex/tools/tabularx.sty
Package: tabularx 2016/02/03 v2.11 `tabularx' package (DPC)

(/usr/share/texlive/texmf-dist/tex/latex/tools/array.sty
Package: array 2016/10/06 v2.4d Tabular extension package (FMi)
\col@sep=\dimen116
\extrarowheight=\dimen117
\NC@list=\toks28
\extratabsurround=\skip45
\backup@length=\skip46
)
\TX@col@width=\dimen118
\TX@old@table=\dimen119
\TX@old@col=\dimen120
\TX@target=\dimen121
\TX@delta=\dimen122
\TX@cols=\count107
\TX@ftn=\toks29
)
(/usr/share/texlive/texmf-dist/tex/latex/multirow/multirow.sty
Package: multirow 2016/11/25 v2.2 Span multiple rows of a table
\multirow@colwidth=\skip47
\multirow@cntb=\count108
\multirow@dima=\skip48
\bigstrutjot=\dimen123
)
(/usr/share/texlive/texmf-dist/tex/latex/graphics/lscape.sty
Package: lscape 2000/10/22 v3.01 Landscape Pages (DPC)

(/usr/share/texlive/texmf-dist/tex/latex/graphics/graphics.sty
Package: graphics 2017/06/25 v1.2c Standard LaTeX Graphics (DPC,SPQR)

(/usr/share/texlive/texmf-dist/tex/latex/graphics/trig.sty
Package: trig 2016/01/03 v1.10 sin cos tan (DPC)
)
(/usr/share/texlive/texmf-dist/tex/latex/graphics-cfg/graphics.cfg
File: graphics.cfg 2016/06/04 v1.11 sample graphics configuration
)
Package graphics Info: Driver file: luatex.def on input line 99.
))
(/usr/share/texlive/texmf-dist/tex/latex/graphics/rotating.sty
Package: rotating 2016/08/11 v2.16d rotated objects in LaTeX

(/usr/share/texlive/texmf-dist/tex/latex/graphics/graphicx.sty
Package: graphicx 2017/06/01 v1.1a Enhanced LaTeX Graphics (DPC,SPQR)
\Gin@req@height=\dimen124
\Gin@req@width=\dimen125
)
(/usr/share/texlive/texmf-dist/tex/latex/base/ifthen.sty
Package: ifthen 2014/09/29 v1.1c Standard LaTeX ifthen package (DPC)
)
\c@r@tfl@t=\count109
\rotFPtop=\skip49
\rotFPbot=\skip50
\rot@float@box=\box32
\rot@mess@toks=\toks30
)
(/usr/share/texlive/texmf-dist/tex/latex/amscls/amsthm.sty
Package: amsthm 2017/10/31 v2.20.4
\thm@style=\toks31
\thm@bodyfont=\toks32
\thm@headfont=\toks33
\thm@notefont=\toks34
\thm@headpunct=\toks35
\thm@preskip=\skip51
\thm@postskip=\skip52
\thm@headsep=\skip53
\dth@everypar=\toks36
)
(/usr/share/texlive/texmf-dist/tex/latex/amsmath/amsmath.sty
Package: amsmath 2017/09/02 v2.17a AMS math features
\@mathmargin=\skip54

For additional information on amsmath, use the `?' option.
(/usr/share/texlive/texmf-dist/tex/latex/amsmath/amstext.sty
Package: amstext 2000/06/29 v2.01 AMS text

(/usr/share/texlive/texmf-dist/tex/latex/amsmath/amsgen.sty
File: amsgen.sty 1999/11/30 v2.0 generic functions
\@emptytoks=\toks37
\ex@=\dimen126
))
(/usr/share/texlive/texmf-dist/tex/latex/amsmath/amsbsy.sty
Package: amsbsy 1999/11/29 v1.2d Bold Symbols
\pmbraise@=\dimen127
)
(/usr/share/texlive/texmf-dist/tex/latex/amsmath/amsopn.sty
Package: amsopn 2016/03/08 v2.02 operator names
)
\inf@bad=\count110
LaTeX Info: Redefining \frac on input line 213.
\uproot@=\count111
\leftroot@=\count112
LaTeX Info: Redefining \overline on input line 375.
\classnum@=\count113
\DOTSCASE@=\count114
LaTeX Info: Redefining \ldots on input line 472.
LaTeX Info: Redefining \dots on input line 475.
LaTeX Info: Redefining \cdots on input line 596.
\Mathstrutbox@=\box33
\strutbox@=\box34
\big@size=\dimen128
LaTeX Font Info:    Redeclaring font encoding OML on input line 712.
LaTeX Font Info:    Redeclaring font encoding OMS on input line 713.
\macc@depth=\count115
\c@MaxMatrixCols=\count116
\dotsspace@=\muskip23
\c@parentequation=\count117
\dspbrk@lvl=\count118
\tag@help=\toks38
\row@=\count119
\column@=\count120
\maxfields@=\count121
\andhelp@=\toks39
\eqnshift@=\dimen129
\alignsep@=\dimen130
\tagshift@=\dimen131
\tagwidth@=\dimen132
\totwidth@=\dimen133
\lineht@=\dimen134
\@envbody=\toks40
\multlinegap=\skip55
\multlinetaggap=\skip56
\mathdisplay@stack=\toks41
LaTeX Info: Redefining \[ on input line 2817.
LaTeX Info: Redefining \] on input line 2818.
)
(/usr/share/texlive/texmf-dist/tex/latex/base/inputenc.sty
Package: inputenc 2015/03/17 v1.2c Input encoding file
\inpenc@prehook=\toks42
\inpenc@posthook=\toks43


Package inputenc Warning: inputenc package ignored with utf8 based engines.

) (/usr/share/texlive/texmf-dist/tex/latex/algorithms/algorithm.sty
Package: algorithm 2009/08/24 v0.1 Document Style `algorithm' - floating environ
ment

(/usr/share/texlive/texmf-dist/tex/latex/float/float.sty
Package: float 2001/11/08 v1.3d Float enhancements (AL)
\c@float@type=\count122
\float@exts=\toks44
\float@box=\box35
\@float@everytoks=\toks45
\@floatcapt=\box36
)
\@float@every@algorithm=\toks46
\c@algorithm=\count123
)
(/usr/share/texlive/texmf-dist/tex/latex/algorithms/algorithmic.sty
Package: algorithmic 2009/08/24 v0.1 Document Style `algorithmic'
\c@ALC@unique=\count124
\c@ALC@line=\count125
\c@ALC@rem=\count126
\c@ALC@depth=\count127
\ALC@tlm=\skip57
\algorithmicindent=\skip58
)
(./bmc_article.aux)
\openout1 = bmc_article.aux

LaTeX Font Info:    Checking defaults for OML/cmm/m/it on input line 87.
LaTeX Font Info:    ... okay on input line 87.
LaTeX Font Info:    Checking defaults for T1/cmr/m/n on input line 87.
LaTeX Font Info:    ... okay on input line 87.
LaTeX Font Info:    Checking defaults for OT1/cmr/m/n on input line 87.
LaTeX Font Info:    ... okay on input line 87.
LaTeX Font Info:    Checking defaults for OMS/cmsy/m/n on input line 87.
LaTeX Font Info:    ... okay on input line 87.
LaTeX Font Info:    Checking defaults for TU/lmr/m/n on input line 87.
LaTeX Font Info:    ... okay on input line 87.
LaTeX Font Info:    Checking defaults for OMX/cmex/m/n on input line 87.
LaTeX Font Info:    ... okay on input line 87.
LaTeX Font Info:    Checking defaults for U/cmr/m/n on input line 87.
LaTeX Font Info:    ... okay on input line 87.
LaTeX Font Info:    Checking defaults for PD1/pdf/m/n on input line 87.
LaTeX Font Info:    ... okay on input line 87.

(/usr/share/texlive/texmf-dist/tex/context/base/mkii/supp-pdf.mkii
loading : ConTeXt Support Macros / PDF
\scratchcounter=\count128
\scratchdimen=\dimen135
\scratchbox=\box37
\nofMPsegments=\count129
\nofMParguments=\count130
\everyMPshowfont=\toks47
\MPscratchCnt=\count131
\MPscratchDim=\dimen136
\MPnumerator=\count132
\makeMPintoPDFobject=\count133
\everyMPtoPDFconversion=\toks48
) (/usr/share/texlive/texmf-dist/tex/latex/oberdiek/epstopdf-base.sty
Package: epstopdf-base 2016/05/15 v2.6 Base part for package epstopdf

(/usr/share/texlive/texmf-dist/tex/latex/oberdiek/grfext.sty
Package: grfext 2016/05/16 v1.2 Manage graphics extensions (HO)
)
Package epstopdf-base Info: Redefining graphics rule for `.eps' on input line 43
8.
Package grfext Info: Graphics extension search list:
(grfext)             [.pdf,.png,.jpg,.mps,.jpeg,.jbig2,.jb2,.PDF,.PNG,.JPG,.JPEG
,.JBIG2,.JB2,.eps]
(grfext)             \AppendGraphicsExtensions on input line 456.

(/usr/share/texlive/texmf-dist/tex/latex/latexconfig/epstopdf-sys.cfg
File: epstopdf-sys.cfg 2010/07/13 v1.3 Configuration of (r)epstopdf for TeX Live

))
Package lastpage Info: Please have a look at the pageslts package at
(lastpage)             https://www.ctan.org/pkg/pageslts
(lastpage)             ! on input line 87.
\AtBeginShipoutBox=\box38
Package hyperref Info: Link coloring ON on input line 87.

(/usr/share/texlive/texmf-dist/tex/latex/hyperref/nameref.sty
Package: nameref 2016/05/21 v2.44 Cross-referencing by name of section

(/usr/share/texlive/texmf-dist/tex/generic/oberdiek/gettitlestring.sty
Package: gettitlestring 2016/05/16 v1.5 Cleanup title references (HO)
)
\c@section@level=\count134
)
LaTeX Info: Redefining \ref on input line 87.
LaTeX Info: Redefining \pageref on input line 87.
LaTeX Info: Redefining \nameref on input line 87.

(./bmc_article.out) (./bmc_article.out)
\@outlinefile=\write4

\openout4 = bmc_article.out
(load luc: /home/amin/.texlive2017/texmf-var/luatex-cache/generic/fonts/otl/lmsa
ns10-regular.luc)(load luc: /home/amin/.texlive2017/texmf-var/luatex-cache/gener
ic/fonts/otl/lmsans10-bold.luc)(load luc: /home/amin/.texlive2017/texmf-var/luat
ex-cache/generic/fonts/otl/lmsans17-regular.luc)(load luc: /home/amin/.texlive20
17/texmf-var/luatex-cache/generic/fonts/otl/lmsans12-regular.luc)
LaTeX Font Info:    Calculating math sizes for size <11> on input line 119.


LaTeX Font Warning: Font shape `OT1/cmr/m/n' in size <5.5> not available
(Font)              size <5> substituted on input line 119.


LaTeX Font Warning: Font shape `OML/cmm/m/it' in size <5.5> not available
(Font)              size <5> substituted on input line 119.


LaTeX Font Warning: Font shape `OMS/cmsy/m/n' in size <5.5> not available
(Font)              size <5> substituted on input line 119.

(load luc: /home/amin/.texlive2017/texmf-var/luatex-cache/generic/fonts/otl/lmsa
ns8-regular.luc)
\address@aff1=\toks49
\address@aff2=\toks50
LaTeX Font Info:    Font shape `TU/lmss/m/it' in size <8> not available
(Font)              Font shape `TU/lmss/m/sl' tried instead on input line 267.
(load luc: /home/amin/.texlive2017/texmf-var/luatex-cache/generic/fonts/otl/lmsa
ns8-oblique.luc)
Overfull \hbox (1.0pt too wide) has occurred while \output is active
 [] 
 []

[1{/var/lib/texmf/fonts/map/pdftex/updmap/pdftex.map}

](load luc: /home/amin/.texlive2017/texmf-var/luatex-cache/generic/fonts/otl/lmr
oman10-bold.luc)

LaTeX Warning: Citation `liu2016dependency' on page 2 undefined on input line 29
3.


LaTeX Warning: Citation `ryu2018deep' on page 2 undefined on input line 295.

[2] [3](load luc: /home/amin/.texlive2017/texmf-var/luatex-cache/generic/fonts/o
tl/lmroman10-italic.luc)
<SNF.png, id=110, 663.47874pt x 241.90375pt>
File: SNF.png Graphic file (type png)
<use SNF.png>
Package luatex.def Info: SNF.png  used on input line 339.
(luatex.def)             Requested size: 351.64206pt x 128.20837pt.

Overfull \hbox (3.14206pt too wide) in paragraph at lines 339--341
 [][] 
 []

(load luc: /home/amin/.texlive2017/texmf-var/luatex-cache/generic/fonts/otl/lmro
man8-regular.luc)

LaTeX Warning: `!h' float specifier changed to `!ht'.

[4]
<MatrixheaderB.png, id=129, 636.3775pt x 104.39pt>
File: MatrixheaderB.png Graphic file (type png)
<use MatrixheaderB.png>
Package luatex.def Info: MatrixheaderB.png  used on input line 363.
(luatex.def)             Requested size: 337.27847pt x 55.32642pt.
 [5
warning  (pdf backend): ignoring duplicate destination with the name 'figure.1'

warning  (pdf backend): ignoring duplicate destination with the name 'figure.2'
<./SNF.png><./MatrixheaderB.png>]
<ModelSelection/model.jpg, id=142, 462.72874pt x 962.59625pt>
File: ModelSelection/model.jpg Graphic file (type jpg)
<use ModelSelection/model.jpg>
Package luatex.def Info: ModelSelection/model.jpg  used on input line 383.
(luatex.def)             Requested size: 185.08821pt x 385.03168pt.


LaTeX Warning: `!h' float specifier changed to `!ht'.

[6]
<ModelSelection/modelparameters.png, id=154, 424.58624pt x 285.31593pt>
File: ModelSelection/modelparameters.png Graphic file (type png)
<use ModelSelection/modelparameters.png>
Package luatex.def Info: ModelSelection/modelparameters.png  used on input line 
394.
(luatex.def)             Requested size: 275.97778pt x 185.45316pt.
 [7
warning  (pdf backend): ignoring duplicate destination with the name 'figure.3'
<./ModelSelection/model.jpg>]
Overfull \hbox (4.96873pt too wide) in paragraph at lines 423--424
[]\TU/lmr/m/n/10 1)Ac-cu-racy:In a 10-fold cross-validation,the model ob-tained
 $\OML/cmm/m/it/10 AUC \OT1/cmr/m/n/10 = 0\OML/cmm/m/it/10 :\OT1/cmr/m/n/10 97\
OML/cmm/m/it/10 ; AUPR \OT1/cmr/m/n/10 =
 []

[8
warning  (pdf backend): ignoring duplicate destination with the name 'figure.4'
<./ModelSelection/modelparameters.png>]
<ModelSelection/densityDegEnh.png, id=175, 567.11874pt x 409.53pt>
File: ModelSelection/densityDegEnh.png Graphic file (type png)
<use ModelSelection/densityDegEnh.png>
Package luatex.def Info: ModelSelection/densityDegEnh.png  used on input line 43
3.
(luatex.def)             Requested size: 283.55867pt x 204.7645pt.
Package hyperref Info: bookmark level for unknown algorithm defaults to 0 on inp
ut line 445.
 [9
warning  (pdf backend): ignoring duplicate destination with the name 'figure.5'
<./ModelSelection/densityDegEnh.png>]

Package hyperref Warning: Suppressing empty link on input line 476.


Package hyperref Warning: Suppressing empty link on input line 484.

<lastTripleModel/modelTripleLayers.png, id=195, 462.72874pt x 962.59625pt>
File: lastTripleModel/modelTripleLayers.png Graphic file (type png)
<use lastTripleModel/modelTripleLayers.png>
Package luatex.def Info: lastTripleModel/modelTripleLayers.png  used on input li
ne 498.
(luatex.def)             Requested size: 198.96948pt x 413.90833pt.

LaTeX Warning: `!h' float specifier changed to `!ht'.

[10]
<ModelSelection/selectedModelAcc.png, id=209, 393.47pt x 279.0425pt>
File: ModelSelection/selectedModelAcc.png Graphic file (type png)
<use ModelSelection/selectedModelAcc.png>
Package luatex.def Info: ModelSelection/selectedModelAcc.png  used on input line
 553.
(luatex.def)             Requested size: 173.27846pt x 122.88551pt.
<ModelSelection/selectedModelLoss.png, id=210, 393.47pt x 279.0425pt>
File: ModelSelection/selectedModelLoss.png Graphic file (type png)
<use ModelSelection/selectedModelLoss.png>
Package luatex.def Info: ModelSelection/selectedModelLoss.png  used on input lin
e 554.
(luatex.def)             Requested size: 173.27846pt x 122.88551pt.

Overfull \hbox (12.5pt too wide) in paragraph at lines 552--556
 []$[]$ 
 []


LaTeX Warning: `!h' float specifier changed to `!ht'.

<lastTripleModel/modelTripleACC.png, id=212, 393.47pt x 279.0425pt>
File: lastTripleModel/modelTripleACC.png Graphic file (type png)
<use lastTripleModel/modelTripleACC.png>
Package luatex.def Info: lastTripleModel/modelTripleACC.png  used on input line 
568.
(luatex.def)             Requested size: 173.27846pt x 122.88551pt.
<lastTripleModel/modelTripleLoss.png, id=213, 387.4475pt x 279.0425pt>
File: lastTripleModel/modelTripleLoss.png Graphic file (type png)
<use lastTripleModel/modelTripleLoss.png>
Package luatex.def Info: lastTripleModel/modelTripleLoss.png  used on input line
 569.
(luatex.def)             Requested size: 173.27846pt x 124.79729pt.

Overfull \hbox (12.5pt too wide) in paragraph at lines 567--571
 []$[]$ 
 []

[11]

LaTeX Warning: `!h' float specifier changed to `!ht'.


LaTeX Warning: Reference `f1' on page 12 undefined on input line 577.

[12
warning  (pdf backend): ignoring duplicate destination with the name 'table.1'
]

LaTeX Warning: Reference `K-fold CV' on page 13 undefined on input line 638.

[13
warning  (pdf backend): ignoring duplicate destination with the name 'table.2'

warning  (pdf backend): ignoring duplicate destination with the name 'table.3'
](load luc: /home/amin/.texlive2017/texmf-var/luatex-cache/generic/fonts/otl/lmr
oman8-bold.luc)

LaTeX Warning: Citation `Shi J2019' on page 14 undefined on input line 734.


LaTeX Warning: Citation `Yu H2018' on page 14 undefined on input line 736.


LaTeX Warning: Citation `Shi J-Y2018' on page 14 undefined on input line 738.

[14
warning  (pdf backend): ignoring duplicate destination with the name 'table.4'

warning  (pdf backend): ignoring duplicate destination with the name 'table.5'
](load luc: /home/amin/.texlive2017/texmf-var/luatex-cache/generic/fonts/otl/lmr
oman7-regular.luc) [15] (./bmc_article.bbl
LaTeX Font Info:    Font shape `TU/lmss/m/it' in size <7> not available
(Font)              Font shape `TU/lmss/m/sl' tried instead on input line 71.
 [16](load luc: /home/amin/.texlive2017/texmf-var/luatex-cache/generic/fonts/otl
/lmmono8-regular.luc))

AED: lastpage setting LastPage
[17] [18
warning  (pdf backend): ignoring duplicate destination with the name 'figure.6'

warning  (pdf backend): ignoring duplicate destination with the name 'figure.7'
<./lastTripleModel/modelTripleLayers.png><./ModelSelection/selectedModelAcc.png>
<./ModelSelection/selectedModelLoss.png>] [19
warning  (pdf backend): ignoring duplicate destination with the name 'figure.8'
<./lastTripleModel/modelTripleACC.png><./lastTripleModel/modelTripleLoss.png>]
Package atveryend Info: Empty hook `BeforeClearDocument' on input line 897.
Package atveryend Info: Empty hook `AfterLastShipout' on input line 897.

(./bmc_article.aux)
Package atveryend Info: Executing hook `AtVeryEndDocument' on input line 897.
Package atveryend Info: Executing hook `AtEndAfterFileList' on input line 897.
Package rerunfilecheck Info: File `bmc_article.out' has not changed.
(rerunfilecheck)             Checksum: ED3CDF9133C37D676C26CC0D4896F289;44.


LaTeX Font Warning: Size substitutions with differences
(Font)              up to 0.5pt have occurred.


LaTeX Warning: There were undefined references.

Package atveryend Info: Empty hook `AtVeryVeryEnd' on input line 897.
)

Here is how much of LuaTeX's memory you used:
 8073 strings out of 494480
 100000,266212 words of node,token memory allocated
 504 words of node memory still in use:
   6 hlist, 2 vlist, 2 rule, 2 glue, 1 kern, 13 attribute, 55 glue_spec, 13 attr
ibute_list, 2 write nodes
   avail lists: 2:897,3:228,4:98,5:398,6:6083,7:1302,8:164,9:384,10:28,11:595
 11716 multiletter control sequences out of 65536+600000
 68 fonts using 5473743 bytes
 30i,10n,37p,1699b,568s stack positions out of 5000i,500n,10000p,200000b,100000s
</usr/share/texmf/fonts/opentype/public/lm/lmmono8-regular.otf></usr/share/texmf
/fonts/opentype/public/lm/lmroman8-bold.otf></usr/share/texmf/fonts/opentype/pub
lic/lm/lmroman10-italic.otf></usr/share/texmf/fonts/opentype/public/lm/lmroman10
-bold.otf></usr/share/texmf/fonts/opentype/public/lm/lmroman10-regular.otf></usr
/share/texmf/fonts/opentype/public/lm/lmsans10-regular.otf></usr/share/texmf/fon
ts/opentype/public/lm/lmsans12-regular.otf></usr/share/texmf/fonts/opentype/publ
ic/lm/lmsans17-regular.otf></usr/share/texmf/fonts/opentype/public/lm/lmsans10-b
old.otf></usr/share/texmf/fonts/opentype/public/lm/lmsans8-oblique.otf></usr/sha
re/texmf/fonts/opentype/public/lm/lmsans8-regular.otf></usr/share/texlive/texmf-
dist/fonts/type1/public/amsfonts/cm/cmmi10.pfb></usr/share/texlive/texmf-dist/fo
nts/type1/public/amsfonts/cm/cmmi7.pfb></usr/share/texlive/texmf-dist/fonts/type
1/public/amsfonts/cm/cmmi8.pfb></usr/share/texlive/texmf-dist/fonts/type1/public
/amsfonts/cm/cmr10.pfb></usr/share/texlive/texmf-dist/fonts/type1/public/amsfont
s/cm/cmr7.pfb></usr/share/texlive/texmf-dist/fonts/type1/public/amsfonts/cm/cmr8
.pfb></usr/share/texlive/texmf-dist/fonts/type1/public/amsfonts/cm/cmsy10.pfb></
usr/share/texlive/texmf-dist/fonts/type1/public/amsfonts/cm/cmsy7.pfb></usr/shar
e/texlive/texmf-dist/fonts/type1/public/amsfonts/cm/cmsy8.pfb>
Output written on bmc_article.pdf (19 pages, 524437 bytes).

PDF statistics: 429 PDF objects out of 1000 (max. 8388607)
 344 compressed objects within 4 object streams
 119 named destinations out of 1000 (max. 131072)
 9 words of extra memory for PDF output out of 10000 (max. 100000000)

